Added Component: Designator=C1(tu hoa 10mm)
Added Component: Designator=C2(tu gom)
Added Component: Designator=D1(DIO-1A)
Added Component: Designator=D2(DIO-1A)
Added Component: Designator=DHT1(DHT22)
Added Component: Designator=H1(XH2.54M-4)
Added Component: Designator=H2(XH2.54M-4)
Added Component: Designator=J1(KF3-5.08)
Added Component: Designator=J2(KF3-5.08)
Added Component: Designator=J3(CON3_100_B3B-XH-A_TH_ST)
Added Component: Designator=JACK DC1(JACK DC 5.5)
Added Component: Designator=LCD1(LCD20X4A)
Added Component: Designator=LED1(LED-5MM-RED)
Added Component: Designator=LED2(LED-5MM-RED)
Added Component: Designator=LED3(LED-5MM-RED)
Added Component: Designator=LS1(XDCR_AI-1223-TWT-5V-R)
Added Component: Designator=MQ1(MQ-135)
Added Component: Designator=Q1(TO92-123)
Added Component: Designator=Q2(TO92-123)
Added Component: Designator=R1(tro cong suat 10w)
Added Component: Designator=R2(tro vach 1/4w)
Added Component: Designator=R3(tro vach 1/4w)
Added Component: Designator=R4(tro vach 1/4w)
Added Component: Designator=R5(tro vach 1/4w)
Added Component: Designator=R6(tro vach 1/4w)
Added Component: Designator=RL1(Relay 5 Chan SRD)
Added Component: Designator=RL2(Relay 5 Chan SRD)
Added Component: Designator=U1(MODULE_ESP32-DEVKITC)
Added Component: Designator=U2(SIM800L MODULE)
Added Net: Name=5V
Added Net: Name=BUZZER
Added Net: Name=DDHT22
Added Net: Name=DMQ135
Added Net: Name=GND
Added Net: Name=NC
Added Net: Name=NetD1_1
Added Net: Name=NetD2_1
Added Net: Name=NetJ1_1
Added Net: Name=NetJ1_2
Added Net: Name=NetJ1_3
Added Net: Name=NetJ2_1
Added Net: Name=NetJ2_2
Added Net: Name=NetJ2_3
Added Net: Name=NetLED1_2
Added Net: Name=NetLED2_1
Added Net: Name=NetLED3_1
Added Net: Name=NetLS1_P
Added Net: Name=NetQ1_2
Added Net: Name=NetQ2_2
Added Net: Name=RL1
Added Net: Name=RL2
Added Net: Name=RX1
Added Net: Name=RX2
Added Net: Name=SCL
Added Net: Name=SDA
Added Net: Name=TX1
Added Net: Name=TX2
Added Class: Name=SCH
Added Room: Name=SCH
