Removed Pin From Net: NetName=5V Pin=JP1-1
Removed Pin From Net: NetName=TX1 Pin=JP1-3
Removed Pin From Net: NetName=RX1 Pin=JP1-4
Removed Pin From Net: NetName=NC Pin=JP1-6
Removed Pin From Net: NetName=TX2 Pin=JP2-1
Removed Pin From Net: NetName=RX2 Pin=JP2-2
Removed Pin From Net: NetName=RL2 Pin=JP3-7
Removed Pin From Net: NetName=RL1 Pin=JP3-8
Removed Pin From Net: NetName=GND Pin=JP4-1
Removed Pin From Net: NetName=BUZZER Pin=JP4-2
Removed Pin From Net: NetName=SCL Pin=JP4-3
Removed Pin From Net: NetName=SDA Pin=JP4-6
Removed Pin From Net: NetName=DDHT22 Pin=JP4-8
Removed Pin From Net: NetName=DMQ135 Pin=JP4-9
Removed Member From Class: ClassName=SCH Member=JP1
Removed Member From Class: ClassName=SCH Member=JP2
Removed Member From Class: ClassName=SCH Member=JP3
Removed Member From Class: ClassName=SCH Member=JP4
Added Component: Designator=C3(JP20-C1T)
Add component (AddParameter): Name = "ComponentLink1 Description"; Value = "Manufacturer"; VariantName = "[No Variations]"
Add component (AddParameter): Name = "ComponentLink1URL"; Value = "http://www.we-online.com"; VariantName = "[No Variations]"
Add component (AddParameter): Name = "ComponentLink2 Description"; Value = "Datasheet"; VariantName = "[No Variations]"
Add component (AddParameter): Name = "ComponentLink2URL"; Value = "http://katalog.we-online.de/em/datasheet/6130xx143121.pdf"; VariantName = "[No Variations]"
Add component (AddParameter): Name = "Created by"; Value = "Karrer Zheng"; VariantName = "[No Variations]"
Add component (AddParameter): Name = "Created Date"; Value = "29 March 2013"; VariantName = "[No Variations]"
Add component (AddParameter): Name = "Manufacturer"; Value = "W¨¹rth Elektronik eiSos GmbH"; VariantName = "[No Variations]"
Add component (AddParameter): Name = "NoPins"; Value = "20"; VariantName = "[No Variations]"
Add component (AddParameter): Name = "partNo"; Value = "613020143121"; VariantName = "[No Variations]"
Added Component: Designator=C4(JP20-C1T)
Add component (AddParameter): Name = "ComponentLink1 Description"; Value = "Manufacturer"; VariantName = "[No Variations]"
Add component (AddParameter): Name = "ComponentLink1URL"; Value = "http://www.we-online.com"; VariantName = "[No Variations]"
Add component (AddParameter): Name = "ComponentLink2 Description"; Value = "Datasheet"; VariantName = "[No Variations]"
Add component (AddParameter): Name = "ComponentLink2URL"; Value = "http://katalog.we-online.de/em/datasheet/6130xx143121.pdf"; VariantName = "[No Variations]"
Add component (AddParameter): Name = "Created by"; Value = "Karrer Zheng"; VariantName = "[No Variations]"
Add component (AddParameter): Name = "Created Date"; Value = "29 March 2013"; VariantName = "[No Variations]"
Add component (AddParameter): Name = "Manufacturer"; Value = "W¨¹rth Elektronik eiSos GmbH"; VariantName = "[No Variations]"
Add component (AddParameter): Name = "NoPins"; Value = "20"; VariantName = "[No Variations]"
Add component (AddParameter): Name = "partNo"; Value = "613020143121"; VariantName = "[No Variations]"
Added Pin To Net: NetName=5V Pin=C3-2
Added Pin To Net: NetName=TX1 Pin=C3-4
Added Pin To Net: NetName=RX1 Pin=C3-5
Added Pin To Net: NetName=NC Pin=C3-7
Added Pin To Net: NetName=RL2 Pin=C3-17
Added Pin To Net: NetName=RL1 Pin=C3-18
Added Pin To Net: NetName=GND Pin=C4-1
Added Pin To Net: NetName=BUZZER Pin=C4-2
Added Pin To Net: NetName=SCL Pin=C4-3
Added Pin To Net: NetName=SDA Pin=C4-6
Added Pin To Net: NetName=DDHT22 Pin=C4-8
Added Pin To Net: NetName=DMQ135 Pin=C4-9
Added Pin To Net: NetName=TX2 Pin=C4-11
Added Pin To Net: NetName=RX2 Pin=C4-12
Added Pin To Net: NetName=NetC3_3 Pin=C3-3
Added Pin To Net: NetName=NetC3_3 Pin=U1-18
Added Net: Name=NetC3_3
Added Pin To Net: NetName=NetC3_6 Pin=C3-6
Added Pin To Net: NetName=NetC3_6 Pin=U1-15
Added Net: Name=NetC3_6
Added Pin To Net: NetName=NetC3_8 Pin=C3-8
Added Pin To Net: NetName=NetC3_8 Pin=U1-13
Added Net: Name=NetC3_8
Added Pin To Net: NetName=NetC3_9 Pin=C3-9
Added Pin To Net: NetName=NetC3_9 Pin=U1-12
Added Net: Name=NetC3_9
Added Pin To Net: NetName=NetC3_10 Pin=C3-10
Added Pin To Net: NetName=NetC3_10 Pin=U1-11
Added Net: Name=NetC3_10
Added Pin To Net: NetName=NetC3_11 Pin=C3-11
Added Pin To Net: NetName=NetC3_11 Pin=U1-10
Added Net: Name=NetC3_11
Added Pin To Net: NetName=NetC3_12 Pin=C3-12
Added Pin To Net: NetName=NetC3_12 Pin=U1-9
Added Net: Name=NetC3_12
Added Pin To Net: NetName=NetC3_13 Pin=C3-13
Added Pin To Net: NetName=NetC3_13 Pin=U1-8
Added Net: Name=NetC3_13
Added Pin To Net: NetName=NetC3_14 Pin=C3-14
Added Pin To Net: NetName=NetC3_14 Pin=U1-7
Added Net: Name=NetC3_14
Added Pin To Net: NetName=NetC3_15 Pin=C3-15
Added Pin To Net: NetName=NetC3_15 Pin=U1-6
Added Net: Name=NetC3_15
Added Pin To Net: NetName=NetC3_16 Pin=C3-16
Added Pin To Net: NetName=NetC3_16 Pin=U1-5
Added Net: Name=NetC3_16
Added Pin To Net: NetName=NetC3_19 Pin=C3-19
Added Pin To Net: NetName=NetC3_19 Pin=U1-2
Added Net: Name=NetC3_19
Added Pin To Net: NetName=NetC3_20 Pin=C3-20
Added Pin To Net: NetName=NetC3_20 Pin=U1-1
Added Net: Name=NetC3_20
Added Pin To Net: NetName=NetC4_4 Pin=C4-4
Added Pin To Net: NetName=NetC4_4 Pin=U1-35
Added Net: Name=NetC4_4
Added Pin To Net: NetName=NetC4_5 Pin=C4-5
Added Pin To Net: NetName=NetC4_5 Pin=U1-34
Added Net: Name=NetC4_5
Added Pin To Net: NetName=NetC4_7 Pin=C4-7
Added Pin To Net: NetName=NetC4_7 Pin=U1-32
Added Net: Name=NetC4_7
Added Pin To Net: NetName=NetC4_10 Pin=C4-10
Added Pin To Net: NetName=NetC4_10 Pin=U1-29
Added Net: Name=NetC4_10
Added Pin To Net: NetName=NetC4_13 Pin=C4-13
Added Pin To Net: NetName=NetC4_13 Pin=U1-26
Added Net: Name=NetC4_13
Added Pin To Net: NetName=NetC4_14 Pin=C4-14
Added Pin To Net: NetName=NetC4_14 Pin=U1-25
Added Net: Name=NetC4_14
Added Pin To Net: NetName=NetC4_15 Pin=C4-15
Added Pin To Net: NetName=NetC4_15 Pin=U1-24
Added Net: Name=NetC4_15
Added Pin To Net: NetName=NetC4_16 Pin=C4-16
Added Pin To Net: NetName=NetC4_16 Pin=U1-23
Added Net: Name=NetC4_16
Added Pin To Net: NetName=NetC4_17 Pin=C4-17
Added Pin To Net: NetName=NetC4_17 Pin=U1-22
Added Net: Name=NetC4_17
Added Pin To Net: NetName=NetC4_18 Pin=C4-18
Added Pin To Net: NetName=NetC4_18 Pin=U1-21
Added Net: Name=NetC4_18
Added Pin To Net: NetName=NetC4_19 Pin=C4-19
Added Pin To Net: NetName=NetC4_19 Pin=U1-20
Added Net: Name=NetC4_19
Added Member To Class: ClassName=SCH Member=Component C3 JP20
Added Member To Class: ClassName=SCH Member=Component C4 JP20
